<?xml version="1.0" encoding="UTF-8"?>
<testsuite name="ChatServiceTest" tests="6" skipped="0" failures="0" errors="0" timestamp="2026-05-31T02:48:35.694Z" hostname="LGY-MacBook-Air.local" time="1.149">
  <properties/>
  <testcase name="봇 메시지 전송 - DB 저장 및 STOMP 메시지 발행 확인" classname="ChatServiceTest" time="1.021"/>
  <testcase name="메시지 전송 실패 - 채팅방 멤버가 아닐 때" classname="ChatServiceTest" time="0.088"/>
  <testcase name="채팅방 조회 실패 - 존재하지 않는 방 ID" classname="ChatServiceTest" time="0.003"/>
  <testcase name="채팅 메시지 내역 조회 성공 - 모든 연관 관계 포함" classname="ChatServiceTest" time="0.018"/>
  <testcase name="메시지 전송 성공 - 멤버십 검증 통과 시" classname="ChatServiceTest" time="0.003"/>
  <testcase name="내 채팅방 목록 조회 성공" classname="ChatServiceTest" time="0.003"/>
  <system-out><![CDATA[]]></system-out>
  <system-err><![CDATA[Mockito is currently self-attaching to enable the inline-mock-maker. This will no longer work in future releases of the JDK. Please add Mockito as an agent to your build as described in Mockito's documentation: https://javadoc.io/doc/org.mockito/mockito-core/latest/org.mockito/org/mockito/Mockito.html#0.3
WARNING: A Java agent has been loaded dynamically (/Users/ss/.gradle/caches/modules-2/files-2.1/net.bytebuddy/byte-buddy-agent/1.17.8/f09415827a71be7ed621c7bd02550678f28bc81c/byte-buddy-agent-1.17.8.jar)
WARNING: If a serviceability tool is in use, please run with -XX:+EnableDynamicAgentLoading to hide this warning
WARNING: If a serviceability tool is not in use, please run with -Djdk.instrument.traceUsage for more information
WARNING: Dynamic loading of agents will be disallowed by default in a future release
]]></system-err>
</testsuite>
